#! /opt/homebrew/Cellar/icarus-verilog/12.0/bin/vvp
:ivl_version "12.0 (stable)";
:ivl_delay_selection "TYPICAL";
:vpi_time_precision - 11;
:vpi_module "/opt/homebrew/Cellar/icarus-verilog/12.0/lib/ivl/system.vpi";
:vpi_module "/opt/homebrew/Cellar/icarus-verilog/12.0/lib/ivl/vhdl_sys.vpi";
:vpi_module "/opt/homebrew/Cellar/icarus-verilog/12.0/lib/ivl/vhdl_textio.vpi";
:vpi_module "/opt/homebrew/Cellar/icarus-verilog/12.0/lib/ivl/v2005_math.vpi";
:vpi_module "/opt/homebrew/Cellar/icarus-verilog/12.0/lib/ivl/va_math.vpi";
S_0x1054aa8d0 .scope module, "cuenta1_tb" "cuenta1_tb" 2 3;
 .timescale -9 -11;
v0xc090aac60_0 .net "test_Cuenta", 3 0, L_0x1054a1c70;  1 drivers
v0xc090aad00_0 .var "test_Valor", 2 0;
v0xc090aada0_0 .var "test_clk", 0 0;
v0xc090aae40_0 .net "test_fin", 0 0, L_0xc090ac320;  1 drivers
v0xc090aaee0_0 .var "test_start", 0 0;
S_0x1054a2170 .scope module, "cuenta1" "cuenta1" 2 10, 3 1 0, S_0x1054aa8d0;
 .timescale -9 -11;
    .port_info 0 /INPUT 3 "Valor";
    .port_info 1 /INPUT 1 "start";
    .port_info 2 /INPUT 1 "clk";
    .port_info 3 /OUTPUT 4 "Cuenta";
    .port_info 4 /OUTPUT 1 "fin";
L_0x1054a1c70 .functor BUFZ 4, L_0xc090ab200, C4<0000>, C4<0000>, C4<0000>;
v0xc090aa4e0_0 .net "CargaA", 0 0, L_0xc090ac1e0;  1 drivers
v0xc090aa580_0 .net "CargaQ", 0 0, L_0xc0904bde0;  1 drivers
v0xc090aa620_0 .net "Cuenta", 3 0, L_0x1054a1c70;  alias, 1 drivers
v0xc090aa6c0_0 .net "DesplazaQ", 0 0, L_0xc0904bf20;  1 drivers
v0xc090aa760_0 .net "EntA", 3 0, L_0xc090ab160;  1 drivers
v0xc090aa800_0 .net "ResetA", 0 0, L_0xc090ac0a0;  1 drivers
v0xc090aa8a0_0 .net "SalA", 3 0, L_0xc090ab200;  1 drivers
v0xc090aa940_0 .net "SalQ", 2 0, L_0xc090ab7a0;  1 drivers
v0xc090aa9e0_0 .net "Valor", 2 0, v0xc090aad00_0;  1 drivers
v0xc090aaa80_0 .net "clk", 0 0, v0xc090aada0_0;  1 drivers
v0xc090aab20_0 .net "fin", 0 0, L_0xc090ac320;  alias, 1 drivers
v0xc090aabc0_0 .net "start", 0 0, v0xc090aaee0_0;  1 drivers
L_0xc090ac3c0 .part L_0xc090ab7a0, 0, 1;
S_0x1054a22f0 .scope module, "A" "regA" 3 10, 4 1 0, S_0x1054a2170;
 .timescale -9 -11;
    .port_info 0 /INPUT 1 "clk";
    .port_info 1 /INPUT 1 "ResetA";
    .port_info 2 /INPUT 1 "CargaA";
    .port_info 3 /INPUT 4 "entA";
    .port_info 4 /OUTPUT 4 "q";
v0xc0907f980_0 .net "CargaA", 0 0, L_0xc090ac1e0;  alias, 1 drivers
v0xc0907fa20_0 .net "ResetA", 0 0, L_0xc090ac0a0;  alias, 1 drivers
v0xc0907fac0_0 .net "clk", 0 0, v0xc090aada0_0;  alias, 1 drivers
v0xc0907fb60_0 .net "entA", 3 0, L_0xc090ab160;  alias, 1 drivers
v0xc0907fc00_0 .net "q", 3 0, L_0xc090ab200;  alias, 1 drivers
L_0xc0904bac0 .part L_0xc090ab160, 0, 1;
L_0xc0904bb60 .part L_0xc090ab160, 1, 1;
L_0xc0904bc00 .part L_0xc090ab160, 2, 1;
L_0xc0904bca0 .part L_0xc090ab160, 3, 1;
L_0xc090ab200 .concat8 [ 1 1 1 1], v0xc0907eda0_0, v0xc0907d7c0_0, v0xc0907f520_0, v0xc0907f840_0;
S_0x1054a0e40 .scope module, "ffa0" "ffdc" 4 4, 5 1 0, S_0x1054a22f0;
 .timescale -9 -11;
    .port_info 0 /INPUT 1 "clk";
    .port_info 1 /INPUT 1 "reset";
    .port_info 2 /INPUT 1 "carga";
    .port_info 3 /INPUT 1 "d";
    .port_info 4 /OUTPUT 1 "q";
P_0xc08c489c0 .param/l "retardo" 0 5 1, +C4<00000000000000000000000000000001>;
v0xc0907ef80_0 .net "carga", 0 0, L_0xc090ac1e0;  alias, 1 drivers
v0xc0907f020_0 .net "clk", 0 0, v0xc090aada0_0;  alias, 1 drivers
v0xc0907ed00_0 .net "d", 0 0, L_0xc0904bac0;  1 drivers
v0xc0907eda0_0 .var "q", 0 0;
v0xc0907db80_0 .net "reset", 0 0, L_0xc090ac0a0;  alias, 1 drivers
E_0xc08c61840 .event posedge, v0xc0907db80_0, v0xc0907f020_0;
S_0x1054a0fc0 .scope module, "ffa1" "ffdc" 4 5, 5 1 0, S_0x1054a22f0;
 .timescale -9 -11;
    .port_info 0 /INPUT 1 "clk";
    .port_info 1 /INPUT 1 "reset";
    .port_info 2 /INPUT 1 "carga";
    .port_info 3 /INPUT 1 "d";
    .port_info 4 /OUTPUT 1 "q";
P_0xc08c48a00 .param/l "retardo" 0 5 1, +C4<00000000000000000000000000000001>;
v0xc0907dc20_0 .net "carga", 0 0, L_0xc090ac1e0;  alias, 1 drivers
v0xc0907d9a0_0 .net "clk", 0 0, v0xc090aada0_0;  alias, 1 drivers
v0xc0907da40_0 .net "d", 0 0, L_0xc0904bb60;  1 drivers
v0xc0907d7c0_0 .var "q", 0 0;
v0xc0907d860_0 .net "reset", 0 0, L_0xc090ac0a0;  alias, 1 drivers
S_0x1054a0230 .scope module, "ffa2" "ffdc" 4 6, 5 1 0, S_0x1054a22f0;
 .timescale -9 -11;
    .port_info 0 /INPUT 1 "clk";
    .port_info 1 /INPUT 1 "reset";
    .port_info 2 /INPUT 1 "carga";
    .port_info 3 /INPUT 1 "d";
    .port_info 4 /OUTPUT 1 "q";
P_0xc08c48a40 .param/l "retardo" 0 5 1, +C4<00000000000000000000000000000001>;
v0xc0907f340_0 .net "carga", 0 0, L_0xc090ac1e0;  alias, 1 drivers
v0xc0907f3e0_0 .net "clk", 0 0, v0xc090aada0_0;  alias, 1 drivers
v0xc0907f480_0 .net "d", 0 0, L_0xc0904bc00;  1 drivers
v0xc0907f520_0 .var "q", 0 0;
v0xc0907f5c0_0 .net "reset", 0 0, L_0xc090ac0a0;  alias, 1 drivers
S_0x1054a03b0 .scope module, "ffa3" "ffdc" 4 7, 5 1 0, S_0x1054a22f0;
 .timescale -9 -11;
    .port_info 0 /INPUT 1 "clk";
    .port_info 1 /INPUT 1 "reset";
    .port_info 2 /INPUT 1 "carga";
    .port_info 3 /INPUT 1 "d";
    .port_info 4 /OUTPUT 1 "q";
P_0xc08c48a80 .param/l "retardo" 0 5 1, +C4<00000000000000000000000000000001>;
v0xc0907f660_0 .net "carga", 0 0, L_0xc090ac1e0;  alias, 1 drivers
v0xc0907f700_0 .net "clk", 0 0, v0xc090aada0_0;  alias, 1 drivers
v0xc0907f7a0_0 .net "d", 0 0, L_0xc0904bca0;  1 drivers
v0xc0907f840_0 .var "q", 0 0;
v0xc0907f8e0_0 .net "reset", 0 0, L_0xc090ac0a0;  alias, 1 drivers
S_0xc08c8c000 .scope module, "Q" "regQ" 3 12, 6 1 0, S_0x1054a2170;
 .timescale -9 -11;
    .port_info 0 /INPUT 3 "entQ";
    .port_info 1 /INPUT 1 "CargaQ";
    .port_info 2 /INPUT 1 "DesplazaQ";
    .port_info 3 /INPUT 1 "clk";
    .port_info 4 /INPUT 1 "reset";
    .port_info 5 /OUTPUT 3 "q";
L_0xc09087480 .functor OR 1, L_0xc0904bde0, L_0xc0904bf20, C4<0>, C4<0>;
v0xc0909e300_0 .net "CargaQ", 0 0, L_0xc0904bde0;  alias, 1 drivers
v0xc0909e3a0_0 .net "DesplazaQ", 0 0, L_0xc0904bf20;  alias, 1 drivers
v0xc0909e440_0 .net "clk", 0 0, v0xc090aada0_0;  alias, 1 drivers
v0xc0909e4e0_0 .net "enable", 0 0, L_0xc09087480;  1 drivers
v0xc0909e580_0 .net "entQ", 2 0, v0xc090aad00_0;  alias, 1 drivers
v0xc0909e620_0 .net "q", 2 0, L_0xc090ab7a0;  alias, 1 drivers
L_0xc088545f8 .functor BUFT 1, C4<0>, C4<0>, C4<0>, C4<0>;
v0xc0909e6c0_0 .net "reset", 0 0, L_0xc088545f8;  1 drivers
L_0xc090ac460 .part v0xc090aad00_0, 0, 1;
L_0xc090ac500 .part L_0xc090ab7a0, 1, 1;
L_0xc090ac5a0 .part v0xc090aad00_0, 1, 1;
L_0xc090ac640 .part L_0xc090ab7a0, 2, 1;
L_0xc090ac6e0 .part v0xc090aad00_0, 2, 1;
L_0xc090ab7a0 .concat8 [ 1 1 1 0], v0xc0907ff20_0, v0xc0909cbe0_0, v0xc0909d860_0;
S_0xc08c8c180 .scope module, "ff0" "cdaff" 6 5, 6 11 0, S_0xc08c8c000;
 .timescale -9 -11;
    .port_info 0 /INPUT 1 "selc_d";
    .port_info 1 /INPUT 1 "inp_c";
    .port_info 2 /INPUT 1 "inp_d";
    .port_info 3 /INPUT 1 "clk";
    .port_info 4 /INPUT 1 "reset";
    .port_info 5 /INPUT 1 "carga";
    .port_info 6 /OUTPUT 1 "q";
v0xc0909c500_0 .net "carga", 0 0, L_0xc09087480;  alias, 1 drivers
v0xc0909c5a0_0 .net "clk", 0 0, v0xc090aada0_0;  alias, 1 drivers
v0xc0909c640_0 .net "inp", 0 0, L_0xc09087640;  1 drivers
v0xc0909c6e0_0 .net "inp_c", 0 0, L_0xc090ac460;  1 drivers
v0xc0909c780_0 .net "inp_d", 0 0, L_0xc090ac500;  1 drivers
v0xc0909c820_0 .net "q", 0 0, v0xc0907ff20_0;  1 drivers
v0xc0909c8c0_0 .net "reset", 0 0, L_0xc088545f8;  alias, 1 drivers
v0xc0909c960_0 .net "selc_d", 0 0, L_0xc0904bde0;  alias, 1 drivers
S_0xc08c8c300 .scope module, "ff0" "ffdc" 6 13, 5 1 0, S_0xc08c8c180;
 .timescale -9 -11;
    .port_info 0 /INPUT 1 "clk";
    .port_info 1 /INPUT 1 "reset";
    .port_info 2 /INPUT 1 "carga";
    .port_info 3 /INPUT 1 "d";
    .port_info 4 /OUTPUT 1 "q";
P_0xc08c48ac0 .param/l "retardo" 0 5 1, +C4<00000000000000000000000000000001>;
v0xc0907fd40_0 .net "carga", 0 0, L_0xc09087480;  alias, 1 drivers
v0xc0907fde0_0 .net "clk", 0 0, v0xc090aada0_0;  alias, 1 drivers
v0xc0907fe80_0 .net "d", 0 0, L_0xc09087640;  alias, 1 drivers
v0xc0907ff20_0 .var "q", 0 0;
v0xc0909c000_0 .net "reset", 0 0, L_0xc088545f8;  alias, 1 drivers
E_0xc08c61980 .event posedge, v0xc0909c000_0, v0xc0907f020_0;
S_0xc08c8c480 .scope module, "mux0" "mux2_1_i1" 6 14, 6 18 0, S_0xc08c8c180;
 .timescale -9 -11;
    .port_info 0 /OUTPUT 1 "out";
    .port_info 1 /INPUT 1 "a";
    .port_info 2 /INPUT 1 "b";
    .port_info 3 /INPUT 1 "s";
L_0xc090874f0 .functor NOT 1, L_0xc0904bde0, C4<0>, C4<0>, C4<0>;
L_0xc09087560 .functor AND 1, L_0xc090ac500, L_0xc090874f0, C4<1>, C4<1>;
L_0xc090875d0 .functor AND 1, L_0xc090ac460, L_0xc0904bde0, C4<1>, C4<1>;
L_0xc09087640 .functor OR 1, L_0xc09087560, L_0xc090875d0, C4<0>, C4<0>;
v0xc0909c0a0_0 .net "a", 0 0, L_0xc090ac500;  alias, 1 drivers
v0xc0909c140_0 .net "b", 0 0, L_0xc090ac460;  alias, 1 drivers
v0xc0909c1e0_0 .net "out", 0 0, L_0xc09087640;  alias, 1 drivers
v0xc0909c280_0 .net "s", 0 0, L_0xc0904bde0;  alias, 1 drivers
v0xc0909c320_0 .net "s_n", 0 0, L_0xc090874f0;  1 drivers
v0xc0909c3c0_0 .net "sa", 0 0, L_0xc09087560;  1 drivers
v0xc0909c460_0 .net "sb", 0 0, L_0xc090875d0;  1 drivers
S_0xc08c8c600 .scope module, "ff1" "cdaff" 6 6, 6 11 0, S_0xc08c8c000;
 .timescale -9 -11;
    .port_info 0 /INPUT 1 "selc_d";
    .port_info 1 /INPUT 1 "inp_c";
    .port_info 2 /INPUT 1 "inp_d";
    .port_info 3 /INPUT 1 "clk";
    .port_info 4 /INPUT 1 "reset";
    .port_info 5 /INPUT 1 "carga";
    .port_info 6 /OUTPUT 1 "q";
v0xc0909d180_0 .net "carga", 0 0, L_0xc09087480;  alias, 1 drivers
v0xc0909d220_0 .net "clk", 0 0, v0xc090aada0_0;  alias, 1 drivers
v0xc0909d2c0_0 .net "inp", 0 0, L_0xc09087800;  1 drivers
v0xc0909d360_0 .net "inp_c", 0 0, L_0xc090ac5a0;  1 drivers
v0xc0909d400_0 .net "inp_d", 0 0, L_0xc090ac640;  1 drivers
v0xc0909d4a0_0 .net "q", 0 0, v0xc0909cbe0_0;  1 drivers
v0xc0909d540_0 .net "reset", 0 0, L_0xc088545f8;  alias, 1 drivers
v0xc0909d5e0_0 .net "selc_d", 0 0, L_0xc0904bde0;  alias, 1 drivers
S_0xc08c8c780 .scope module, "ff0" "ffdc" 6 13, 5 1 0, S_0xc08c8c600;
 .timescale -9 -11;
    .port_info 0 /INPUT 1 "clk";
    .port_info 1 /INPUT 1 "reset";
    .port_info 2 /INPUT 1 "carga";
    .port_info 3 /INPUT 1 "d";
    .port_info 4 /OUTPUT 1 "q";
P_0xc08c48b40 .param/l "retardo" 0 5 1, +C4<00000000000000000000000000000001>;
v0xc0909ca00_0 .net "carga", 0 0, L_0xc09087480;  alias, 1 drivers
v0xc0909caa0_0 .net "clk", 0 0, v0xc090aada0_0;  alias, 1 drivers
v0xc0909cb40_0 .net "d", 0 0, L_0xc09087800;  alias, 1 drivers
v0xc0909cbe0_0 .var "q", 0 0;
v0xc0909cc80_0 .net "reset", 0 0, L_0xc088545f8;  alias, 1 drivers
S_0xc08c8c900 .scope module, "mux0" "mux2_1_i1" 6 14, 6 18 0, S_0xc08c8c600;
 .timescale -9 -11;
    .port_info 0 /OUTPUT 1 "out";
    .port_info 1 /INPUT 1 "a";
    .port_info 2 /INPUT 1 "b";
    .port_info 3 /INPUT 1 "s";
L_0xc090876b0 .functor NOT 1, L_0xc0904bde0, C4<0>, C4<0>, C4<0>;
L_0xc09087720 .functor AND 1, L_0xc090ac640, L_0xc090876b0, C4<1>, C4<1>;
L_0xc09087790 .functor AND 1, L_0xc090ac5a0, L_0xc0904bde0, C4<1>, C4<1>;
L_0xc09087800 .functor OR 1, L_0xc09087720, L_0xc09087790, C4<0>, C4<0>;
v0xc0909cd20_0 .net "a", 0 0, L_0xc090ac640;  alias, 1 drivers
v0xc0909cdc0_0 .net "b", 0 0, L_0xc090ac5a0;  alias, 1 drivers
v0xc0909ce60_0 .net "out", 0 0, L_0xc09087800;  alias, 1 drivers
v0xc0909cf00_0 .net "s", 0 0, L_0xc0904bde0;  alias, 1 drivers
v0xc0909cfa0_0 .net "s_n", 0 0, L_0xc090876b0;  1 drivers
v0xc0909d040_0 .net "sa", 0 0, L_0xc09087720;  1 drivers
v0xc0909d0e0_0 .net "sb", 0 0, L_0xc09087790;  1 drivers
S_0xc08c8ca80 .scope module, "ff2" "cdaff" 6 7, 6 11 0, S_0xc08c8c000;
 .timescale -9 -11;
    .port_info 0 /INPUT 1 "selc_d";
    .port_info 1 /INPUT 1 "inp_c";
    .port_info 2 /INPUT 1 "inp_d";
    .port_info 3 /INPUT 1 "clk";
    .port_info 4 /INPUT 1 "reset";
    .port_info 5 /INPUT 1 "carga";
    .port_info 6 /OUTPUT 1 "q";
v0xc0909de00_0 .net "carga", 0 0, L_0xc09087480;  alias, 1 drivers
v0xc0909dea0_0 .net "clk", 0 0, v0xc090aada0_0;  alias, 1 drivers
v0xc0909df40_0 .net "inp", 0 0, L_0xc090879c0;  1 drivers
v0xc0909dfe0_0 .net "inp_c", 0 0, L_0xc090ac6e0;  1 drivers
L_0xc088545b0 .functor BUFT 1, C4<0>, C4<0>, C4<0>, C4<0>;
v0xc0909e080_0 .net "inp_d", 0 0, L_0xc088545b0;  1 drivers
v0xc0909e120_0 .net "q", 0 0, v0xc0909d860_0;  1 drivers
v0xc0909e1c0_0 .net "reset", 0 0, L_0xc088545f8;  alias, 1 drivers
v0xc0909e260_0 .net "selc_d", 0 0, L_0xc0904bde0;  alias, 1 drivers
S_0xc08c8cc00 .scope module, "ff0" "ffdc" 6 13, 5 1 0, S_0xc08c8ca80;
 .timescale -9 -11;
    .port_info 0 /INPUT 1 "clk";
    .port_info 1 /INPUT 1 "reset";
    .port_info 2 /INPUT 1 "carga";
    .port_info 3 /INPUT 1 "d";
    .port_info 4 /OUTPUT 1 "q";
P_0xc08c48bc0 .param/l "retardo" 0 5 1, +C4<00000000000000000000000000000001>;
v0xc0909d680_0 .net "carga", 0 0, L_0xc09087480;  alias, 1 drivers
v0xc0909d720_0 .net "clk", 0 0, v0xc090aada0_0;  alias, 1 drivers
v0xc0909d7c0_0 .net "d", 0 0, L_0xc090879c0;  alias, 1 drivers
v0xc0909d860_0 .var "q", 0 0;
v0xc0909d900_0 .net "reset", 0 0, L_0xc088545f8;  alias, 1 drivers
S_0xc08c8cd80 .scope module, "mux0" "mux2_1_i1" 6 14, 6 18 0, S_0xc08c8ca80;
 .timescale -9 -11;
    .port_info 0 /OUTPUT 1 "out";
    .port_info 1 /INPUT 1 "a";
    .port_info 2 /INPUT 1 "b";
    .port_info 3 /INPUT 1 "s";
L_0xc09087870 .functor NOT 1, L_0xc0904bde0, C4<0>, C4<0>, C4<0>;
L_0xc090878e0 .functor AND 1, L_0xc088545b0, L_0xc09087870, C4<1>, C4<1>;
L_0xc09087950 .functor AND 1, L_0xc090ac6e0, L_0xc0904bde0, C4<1>, C4<1>;
L_0xc090879c0 .functor OR 1, L_0xc090878e0, L_0xc09087950, C4<0>, C4<0>;
v0xc0909d9a0_0 .net "a", 0 0, L_0xc088545b0;  alias, 1 drivers
v0xc0909da40_0 .net "b", 0 0, L_0xc090ac6e0;  alias, 1 drivers
v0xc0909dae0_0 .net "out", 0 0, L_0xc090879c0;  alias, 1 drivers
v0xc0909db80_0 .net "s", 0 0, L_0xc0904bde0;  alias, 1 drivers
v0xc0909dc20_0 .net "s_n", 0 0, L_0xc09087870;  1 drivers
v0xc0909dcc0_0 .net "sa", 0 0, L_0xc090878e0;  1 drivers
v0xc0909dd60_0 .net "sb", 0 0, L_0xc09087950;  1 drivers
S_0xc08c8cf00 .scope module, "sum" "sum4" 3 9, 7 2 0, S_0x1054a2170;
 .timescale -9 -11;
    .port_info 0 /OUTPUT 4 "S";
    .port_info 1 /OUTPUT 4 "C";
    .port_info 2 /OUTPUT 1 "c_out";
    .port_info 3 /INPUT 4 "A";
    .port_info 4 /INPUT 4 "B";
    .port_info 5 /INPUT 1 "c_in";
v0xc090a7d40_0 .net "A", 3 0, L_0xc090ab200;  alias, 1 drivers
L_0xc08854010 .functor BUFT 1, C4<0001>, C4<0>, C4<0>, C4<0>;
v0xc090a7de0_0 .net "B", 3 0, L_0xc08854010;  1 drivers
v0xc090a7e80_0 .net "C", 4 1, L_0xc090aaf80;  1 drivers
v0xc090a7f20_0 .net "S", 3 0, L_0xc090ab160;  alias, 1 drivers
v0xc090a8000_0 .net "c1", 0 0, L_0xc09086840;  1 drivers
v0xc090a80a0_0 .net "c2", 0 0, L_0xc09086b50;  1 drivers
v0xc090a8140_0 .net "c3", 0 0, L_0xc09086e60;  1 drivers
v0xc090a81e0_0 .net "c4", 0 0, L_0xc09087170;  1 drivers
L_0xc08854058 .functor BUFT 1, C4<0>, C4<0>, C4<0>, C4<0>;
v0xc090a8280_0 .net "c_in", 0 0, L_0xc08854058;  1 drivers
v0xc090a8320_0 .net "c_out", 0 0, L_0xc0904ba20;  1 drivers
v0xc090a83c0_0 .net "g0", 0 0, L_0xc09086920;  1 drivers
v0xc090a8460_0 .net "g1", 0 0, L_0xc09086c30;  1 drivers
v0xc090a8500_0 .net "g2", 0 0, L_0xc09086f40;  1 drivers
v0xc090a85a0_0 .net "g3", 0 0, L_0xc09087250;  1 drivers
v0xc090a8640_0 .net "p0", 0 0, L_0xc090868b0;  1 drivers
v0xc090a86e0_0 .net "p1", 0 0, L_0xc09086bc0;  1 drivers
v0xc090a8780_0 .net "p2", 0 0, L_0xc09086ed0;  1 drivers
v0xc090a8820_0 .net "p3", 0 0, L_0xc090871e0;  1 drivers
L_0xc090ab020 .concat [ 1 1 1 1], L_0xc09086920, L_0xc09086c30, L_0xc09086f40, L_0xc09087250;
L_0xc090ab0c0 .concat [ 1 1 1 1], L_0xc090868b0, L_0xc09086bc0, L_0xc09086ed0, L_0xc090871e0;
L_0xc0904b340 .part L_0xc090ab200, 0, 1;
L_0xc0904b3e0 .part L_0xc08854010, 0, 1;
L_0xc0904b480 .part L_0xc090ab200, 1, 1;
L_0xc0904b520 .part L_0xc08854010, 1, 1;
L_0xc0904b5c0 .part L_0xc090aaf80, 0, 1;
L_0xc0904b660 .part L_0xc090ab200, 2, 1;
L_0xc0904b700 .part L_0xc08854010, 2, 1;
L_0xc0904b7a0 .part L_0xc090aaf80, 1, 1;
L_0xc090ab160 .concat8 [ 1 1 1 1], L_0xc09086760, L_0xc09086a70, L_0xc09086d80, L_0xc09087090;
L_0xc0904b840 .part L_0xc090ab200, 3, 1;
L_0xc0904b8e0 .part L_0xc08854010, 3, 1;
L_0xc0904b980 .part L_0xc090aaf80, 2, 1;
L_0xc0904ba20 .part L_0xc090aaf80, 3, 1;
S_0xc08c8d080 .scope module, "cla" "cla_4" 7 6, 7 34 0, S_0xc08c8cf00;
 .timescale -9 -11;
    .port_info 0 /OUTPUT 4 "C";
    .port_info 1 /INPUT 4 "G";
    .port_info 2 /INPUT 4 "P";
    .port_info 3 /INPUT 1 "c_in";
L_0xc09085960 .functor AND 1, L_0xc0904a120, L_0xc08854058, C4<1>, C4<1>;
L_0xc090859d0 .functor OR 1, L_0xc0904a080, L_0xc09085960, C4<0>, C4<0>;
L_0xc09085a40 .functor AND 1, L_0xc0904a260, L_0xc0904a300, C4<1>, C4<1>;
L_0xc09085ab0 .functor OR 1, L_0xc0904a1c0, L_0xc09085a40, C4<0>, C4<0>;
L_0xc09085b20 .functor AND 1, L_0xc0904a3a0, L_0xc0904a440, C4<1>, C4<1>;
L_0xc09085b90 .functor AND 1, L_0xc09085b20, L_0xc08854058, C4<1>, C4<1>;
L_0xc09085c00 .functor OR 1, L_0xc09085ab0, L_0xc09085b90, C4<0>, C4<0>;
L_0xc09085c70 .functor AND 1, L_0xc0904a580, L_0xc0904a620, C4<1>, C4<1>;
L_0xc09085ce0 .functor OR 1, L_0xc0904a4e0, L_0xc09085c70, C4<0>, C4<0>;
L_0xc09085d50 .functor AND 1, L_0xc0904a6c0, L_0xc0904a760, C4<1>, C4<1>;
L_0xc09085dc0 .functor AND 1, L_0xc09085d50, L_0xc0904a800, C4<1>, C4<1>;
L_0xc09085e30 .functor OR 1, L_0xc09085ce0, L_0xc09085dc0, C4<0>, C4<0>;
L_0xc09085ea0 .functor AND 1, L_0xc0904a8a0, L_0xc0904a940, C4<1>, C4<1>;
L_0xc09085f10 .functor AND 1, L_0xc09085ea0, L_0xc0904a9e0, C4<1>, C4<1>;
L_0xc09085f80 .functor AND 1, L_0xc09085f10, L_0xc08854058, C4<1>, C4<1>;
L_0xc09085ff0 .functor OR 1, L_0xc09085e30, L_0xc09085f80, C4<0>, C4<0>;
L_0xc09086060 .functor AND 1, L_0xc0904ab20, L_0xc0904abc0, C4<1>, C4<1>;
L_0xc090860d0 .functor OR 1, L_0xc0904aa80, L_0xc09086060, C4<0>, C4<0>;
L_0xc09086140 .functor AND 1, L_0xc0904ac60, L_0xc0904ad00, C4<1>, C4<1>;
L_0xc090861b0 .functor AND 1, L_0xc09086140, L_0xc0904ada0, C4<1>, C4<1>;
L_0xc09086220 .functor OR 1, L_0xc090860d0, L_0xc090861b0, C4<0>, C4<0>;
L_0xc09086290 .functor AND 1, L_0xc0904ae40, L_0xc0904aee0, C4<1>, C4<1>;
L_0xc09086300 .functor AND 1, L_0xc09086290, L_0xc0904af80, C4<1>, C4<1>;
L_0xc09086370 .functor AND 1, L_0xc09086300, L_0xc0904b020, C4<1>, C4<1>;
L_0xc090863e0 .functor OR 1, L_0xc09086220, L_0xc09086370, C4<0>, C4<0>;
L_0xc09086450 .functor AND 1, L_0xc0904b0c0, L_0xc0904b160, C4<1>, C4<1>;
L_0xc090864c0 .functor AND 1, L_0xc09086450, L_0xc0904b200, C4<1>, C4<1>;
L_0xc09086530 .functor AND 1, L_0xc090864c0, L_0xc0904b2a0, C4<1>, C4<1>;
L_0xc090865a0 .functor AND 1, L_0xc09086530, L_0xc08854058, C4<1>, C4<1>;
L_0xc09086610 .functor OR 1, L_0xc090863e0, L_0xc090865a0, C4<0>, C4<0>;
v0xc0909e800_0 .net "C", 4 1, L_0xc090aaf80;  alias, 1 drivers
v0xc0909e8a0_0 .net "G", 3 0, L_0xc090ab020;  1 drivers
v0xc0909e940_0 .net "P", 3 0, L_0xc090ab0c0;  1 drivers
v0xc0909e9e0_0 .net *"_ivl_102", 0 0, L_0xc0904af80;  1 drivers
v0xc0909ea80_0 .net *"_ivl_103", 0 0, L_0xc09086300;  1 drivers
v0xc0909eb20_0 .net *"_ivl_106", 0 0, L_0xc0904b020;  1 drivers
v0xc0909ebc0_0 .net *"_ivl_107", 0 0, L_0xc09086370;  1 drivers
v0xc0909ec60_0 .net *"_ivl_109", 0 0, L_0xc090863e0;  1 drivers
v0xc0909ed00_0 .net *"_ivl_112", 0 0, L_0xc0904b0c0;  1 drivers
v0xc0909eda0_0 .net *"_ivl_114", 0 0, L_0xc0904b160;  1 drivers
v0xc0909ee40_0 .net *"_ivl_115", 0 0, L_0xc09086450;  1 drivers
v0xc0909eee0_0 .net *"_ivl_118", 0 0, L_0xc0904b200;  1 drivers
v0xc0909ef80_0 .net *"_ivl_119", 0 0, L_0xc090864c0;  1 drivers
v0xc0909f020_0 .net *"_ivl_122", 0 0, L_0xc0904b2a0;  1 drivers
v0xc0909f0c0_0 .net *"_ivl_123", 0 0, L_0xc09086530;  1 drivers
v0xc0909f160_0 .net *"_ivl_125", 0 0, L_0xc090865a0;  1 drivers
v0xc0909f200_0 .net *"_ivl_127", 0 0, L_0xc09086610;  1 drivers
v0xc0909f2a0_0 .net *"_ivl_13", 0 0, L_0xc0904a1c0;  1 drivers
v0xc0909f340_0 .net *"_ivl_15", 0 0, L_0xc0904a260;  1 drivers
v0xc0909f3e0_0 .net *"_ivl_17", 0 0, L_0xc0904a300;  1 drivers
v0xc0909f480_0 .net *"_ivl_18", 0 0, L_0xc09085a40;  1 drivers
v0xc0909f520_0 .net *"_ivl_20", 0 0, L_0xc09085ab0;  1 drivers
v0xc0909f5c0_0 .net *"_ivl_23", 0 0, L_0xc0904a3a0;  1 drivers
v0xc0909f660_0 .net *"_ivl_25", 0 0, L_0xc0904a440;  1 drivers
v0xc0909f700_0 .net *"_ivl_26", 0 0, L_0xc09085b20;  1 drivers
v0xc0909f7a0_0 .net *"_ivl_28", 0 0, L_0xc09085b90;  1 drivers
v0xc0909f840_0 .net *"_ivl_3", 0 0, L_0xc0904a080;  1 drivers
v0xc0909f8e0_0 .net *"_ivl_30", 0 0, L_0xc09085c00;  1 drivers
v0xc0909f980_0 .net *"_ivl_35", 0 0, L_0xc0904a4e0;  1 drivers
v0xc0909fa20_0 .net *"_ivl_37", 0 0, L_0xc0904a580;  1 drivers
v0xc0909fac0_0 .net *"_ivl_39", 0 0, L_0xc0904a620;  1 drivers
v0xc0909fb60_0 .net *"_ivl_40", 0 0, L_0xc09085c70;  1 drivers
v0xc0909fc00_0 .net *"_ivl_42", 0 0, L_0xc09085ce0;  1 drivers
v0xc0909fca0_0 .net *"_ivl_45", 0 0, L_0xc0904a6c0;  1 drivers
v0xc0909fd40_0 .net *"_ivl_47", 0 0, L_0xc0904a760;  1 drivers
v0xc0909fde0_0 .net *"_ivl_48", 0 0, L_0xc09085d50;  1 drivers
v0xc0909fe80_0 .net *"_ivl_5", 0 0, L_0xc0904a120;  1 drivers
v0xc0909ff20_0 .net *"_ivl_51", 0 0, L_0xc0904a800;  1 drivers
v0xc090a4000_0 .net *"_ivl_52", 0 0, L_0xc09085dc0;  1 drivers
v0xc090a40a0_0 .net *"_ivl_54", 0 0, L_0xc09085e30;  1 drivers
v0xc090a4140_0 .net *"_ivl_57", 0 0, L_0xc0904a8a0;  1 drivers
v0xc090a41e0_0 .net *"_ivl_59", 0 0, L_0xc0904a940;  1 drivers
v0xc090a4280_0 .net *"_ivl_6", 0 0, L_0xc09085960;  1 drivers
v0xc090a4320_0 .net *"_ivl_60", 0 0, L_0xc09085ea0;  1 drivers
v0xc090a43c0_0 .net *"_ivl_63", 0 0, L_0xc0904a9e0;  1 drivers
v0xc090a4460_0 .net *"_ivl_64", 0 0, L_0xc09085f10;  1 drivers
v0xc090a4500_0 .net *"_ivl_66", 0 0, L_0xc09085f80;  1 drivers
v0xc090a45a0_0 .net *"_ivl_68", 0 0, L_0xc09085ff0;  1 drivers
v0xc090a4640_0 .net *"_ivl_74", 0 0, L_0xc0904aa80;  1 drivers
v0xc090a46e0_0 .net *"_ivl_76", 0 0, L_0xc0904ab20;  1 drivers
v0xc090a4780_0 .net *"_ivl_78", 0 0, L_0xc0904abc0;  1 drivers
v0xc090a4820_0 .net *"_ivl_79", 0 0, L_0xc09086060;  1 drivers
v0xc090a48c0_0 .net *"_ivl_8", 0 0, L_0xc090859d0;  1 drivers
v0xc090a4960_0 .net *"_ivl_81", 0 0, L_0xc090860d0;  1 drivers
v0xc090a4a00_0 .net *"_ivl_84", 0 0, L_0xc0904ac60;  1 drivers
v0xc090a4aa0_0 .net *"_ivl_86", 0 0, L_0xc0904ad00;  1 drivers
v0xc090a4b40_0 .net *"_ivl_87", 0 0, L_0xc09086140;  1 drivers
v0xc090a4be0_0 .net *"_ivl_90", 0 0, L_0xc0904ada0;  1 drivers
v0xc090a4c80_0 .net *"_ivl_91", 0 0, L_0xc090861b0;  1 drivers
v0xc090a4d20_0 .net *"_ivl_93", 0 0, L_0xc09086220;  1 drivers
v0xc090a4dc0_0 .net *"_ivl_96", 0 0, L_0xc0904ae40;  1 drivers
v0xc090a4e60_0 .net *"_ivl_98", 0 0, L_0xc0904aee0;  1 drivers
v0xc090a4f00_0 .net *"_ivl_99", 0 0, L_0xc09086290;  1 drivers
v0xc090a4fa0_0 .net "c_in", 0 0, L_0xc08854058;  alias, 1 drivers
L_0xc0904a080 .part L_0xc090ab020, 0, 1;
L_0xc0904a120 .part L_0xc090ab0c0, 0, 1;
L_0xc0904a1c0 .part L_0xc090ab020, 1, 1;
L_0xc0904a260 .part L_0xc090ab0c0, 1, 1;
L_0xc0904a300 .part L_0xc090ab020, 0, 1;
L_0xc0904a3a0 .part L_0xc090ab0c0, 1, 1;
L_0xc0904a440 .part L_0xc090ab0c0, 0, 1;
L_0xc0904a4e0 .part L_0xc090ab020, 2, 1;
L_0xc0904a580 .part L_0xc090ab0c0, 2, 1;
L_0xc0904a620 .part L_0xc090ab020, 1, 1;
L_0xc0904a6c0 .part L_0xc090ab0c0, 2, 1;
L_0xc0904a760 .part L_0xc090ab0c0, 1, 1;
L_0xc0904a800 .part L_0xc090ab020, 0, 1;
L_0xc0904a8a0 .part L_0xc090ab0c0, 2, 1;
L_0xc0904a940 .part L_0xc090ab0c0, 1, 1;
L_0xc0904a9e0 .part L_0xc090ab0c0, 0, 1;
L_0xc090aaf80 .concat8 [ 1 1 1 1], L_0xc090859d0, L_0xc09085c00, L_0xc09085ff0, L_0xc09086610;
L_0xc0904aa80 .part L_0xc090ab020, 3, 1;
L_0xc0904ab20 .part L_0xc090ab0c0, 3, 1;
L_0xc0904abc0 .part L_0xc090ab020, 2, 1;
L_0xc0904ac60 .part L_0xc090ab0c0, 3, 1;
L_0xc0904ad00 .part L_0xc090ab0c0, 2, 1;
L_0xc0904ada0 .part L_0xc090ab020, 1, 1;
L_0xc0904ae40 .part L_0xc090ab0c0, 3, 1;
L_0xc0904aee0 .part L_0xc090ab0c0, 2, 1;
L_0xc0904af80 .part L_0xc090ab0c0, 1, 1;
L_0xc0904b020 .part L_0xc090ab020, 0, 1;
L_0xc0904b0c0 .part L_0xc090ab0c0, 3, 1;
L_0xc0904b160 .part L_0xc090ab0c0, 2, 1;
L_0xc0904b200 .part L_0xc090ab0c0, 1, 1;
L_0xc0904b2a0 .part L_0xc090ab0c0, 0, 1;
S_0xc08c8d200 .scope module, "fa0" "fa_v3" 7 7, 7 15 0, S_0xc08c8cf00;
 .timescale -9 -11;
    .port_info 0 /OUTPUT 1 "sum";
    .port_info 1 /OUTPUT 1 "c_out";
    .port_info 2 /OUTPUT 1 "p";
    .port_info 3 /OUTPUT 1 "g";
    .port_info 4 /INPUT 1 "a";
    .port_info 5 /INPUT 1 "b";
    .port_info 6 /INPUT 1 "c_in";
L_0xc09086840 .functor OR 1, L_0xc090866f0, L_0xc090867d0, C4<0>, C4<0>;
L_0xc090868b0 .functor OR 1, L_0xc0904b340, L_0xc0904b3e0, C4<0>, C4<0>;
L_0xc09086920 .functor AND 1, L_0xc0904b340, L_0xc0904b3e0, C4<1>, C4<1>;
v0xc090a5540_0 .net "a", 0 0, L_0xc0904b340;  1 drivers
v0xc090a55e0_0 .net "b", 0 0, L_0xc0904b3e0;  1 drivers
v0xc090a5680_0 .net "c_in", 0 0, L_0xc08854058;  alias, 1 drivers
v0xc090a5720_0 .net "c_out", 0 0, L_0xc09086840;  alias, 1 drivers
v0xc090a57c0_0 .net "carry1", 0 0, L_0xc090866f0;  1 drivers
v0xc090a5860_0 .net "carry2", 0 0, L_0xc090867d0;  1 drivers
v0xc090a5900_0 .net "g", 0 0, L_0xc09086920;  alias, 1 drivers
v0xc090a59a0_0 .net "p", 0 0, L_0xc090868b0;  alias, 1 drivers
v0xc090a5a40_0 .net "sum", 0 0, L_0xc09086760;  1 drivers
v0xc090a5ae0_0 .net "sum_par", 0 0, L_0xc09086680;  1 drivers
S_0xc08c8d380 .scope module, "ha1" "ha_vr" 7 19, 7 27 0, S_0xc08c8d200;
 .timescale -9 -11;
    .port_info 0 /OUTPUT 1 "sum";
    .port_info 1 /OUTPUT 1 "carry";
    .port_info 2 /INPUT 1 "a";
    .port_info 3 /INPUT 1 "b";
L_0xc09086680/d .functor XOR 1, L_0xc0904b340, L_0xc0904b3e0, C4<0>, C4<0>;
L_0xc09086680 .delay 1 (100,100,100) L_0xc09086680/d;
L_0xc090866f0/d .functor AND 1, L_0xc0904b340, L_0xc0904b3e0, C4<1>, C4<1>;
L_0xc090866f0 .delay 1 (100,100,100) L_0xc090866f0/d;
v0xc090a5040_0 .net "a", 0 0, L_0xc0904b340;  alias, 1 drivers
v0xc090a50e0_0 .net "b", 0 0, L_0xc0904b3e0;  alias, 1 drivers
v0xc090a5180_0 .net "carry", 0 0, L_0xc090866f0;  alias, 1 drivers
v0xc090a5220_0 .net "sum", 0 0, L_0xc09086680;  alias, 1 drivers
S_0xc08c8d500 .scope module, "ha2" "ha_vr" 7 20, 7 27 0, S_0xc08c8d200;
 .timescale -9 -11;
    .port_info 0 /OUTPUT 1 "sum";
    .port_info 1 /OUTPUT 1 "carry";
    .port_info 2 /INPUT 1 "a";
    .port_info 3 /INPUT 1 "b";
L_0xc09086760/d .functor XOR 1, L_0xc08854058, L_0xc09086680, C4<0>, C4<0>;
L_0xc09086760 .delay 1 (100,100,100) L_0xc09086760/d;
L_0xc090867d0/d .functor AND 1, L_0xc08854058, L_0xc09086680, C4<1>, C4<1>;
L_0xc090867d0 .delay 1 (100,100,100) L_0xc090867d0/d;
v0xc090a52c0_0 .net "a", 0 0, L_0xc08854058;  alias, 1 drivers
v0xc090a5360_0 .net "b", 0 0, L_0xc09086680;  alias, 1 drivers
v0xc090a5400_0 .net "carry", 0 0, L_0xc090867d0;  alias, 1 drivers
v0xc090a54a0_0 .net "sum", 0 0, L_0xc09086760;  alias, 1 drivers
S_0xc08c8d680 .scope module, "fa1" "fa_v3" 7 8, 7 15 0, S_0xc08c8cf00;
 .timescale -9 -11;
    .port_info 0 /OUTPUT 1 "sum";
    .port_info 1 /OUTPUT 1 "c_out";
    .port_info 2 /OUTPUT 1 "p";
    .port_info 3 /OUTPUT 1 "g";
    .port_info 4 /INPUT 1 "a";
    .port_info 5 /INPUT 1 "b";
    .port_info 6 /INPUT 1 "c_in";
L_0xc09086b50 .functor OR 1, L_0xc09086a00, L_0xc09086ae0, C4<0>, C4<0>;
L_0xc09086bc0 .functor OR 1, L_0xc0904b480, L_0xc0904b520, C4<0>, C4<0>;
L_0xc09086c30 .functor AND 1, L_0xc0904b480, L_0xc0904b520, C4<1>, C4<1>;
v0xc090a6080_0 .net "a", 0 0, L_0xc0904b480;  1 drivers
v0xc090a6120_0 .net "b", 0 0, L_0xc0904b520;  1 drivers
v0xc090a61c0_0 .net "c_in", 0 0, L_0xc0904b5c0;  1 drivers
v0xc090a6260_0 .net "c_out", 0 0, L_0xc09086b50;  alias, 1 drivers
v0xc090a6300_0 .net "carry1", 0 0, L_0xc09086a00;  1 drivers
v0xc090a63a0_0 .net "carry2", 0 0, L_0xc09086ae0;  1 drivers
v0xc090a6440_0 .net "g", 0 0, L_0xc09086c30;  alias, 1 drivers
v0xc090a64e0_0 .net "p", 0 0, L_0xc09086bc0;  alias, 1 drivers
v0xc090a6580_0 .net "sum", 0 0, L_0xc09086a70;  1 drivers
v0xc090a6620_0 .net "sum_par", 0 0, L_0xc09086990;  1 drivers
S_0xc08c8d800 .scope module, "ha1" "ha_vr" 7 19, 7 27 0, S_0xc08c8d680;
 .timescale -9 -11;
    .port_info 0 /OUTPUT 1 "sum";
    .port_info 1 /OUTPUT 1 "carry";
    .port_info 2 /INPUT 1 "a";
    .port_info 3 /INPUT 1 "b";
L_0xc09086990/d .functor XOR 1, L_0xc0904b480, L_0xc0904b520, C4<0>, C4<0>;
L_0xc09086990 .delay 1 (100,100,100) L_0xc09086990/d;
L_0xc09086a00/d .functor AND 1, L_0xc0904b480, L_0xc0904b520, C4<1>, C4<1>;
L_0xc09086a00 .delay 1 (100,100,100) L_0xc09086a00/d;
v0xc090a5b80_0 .net "a", 0 0, L_0xc0904b480;  alias, 1 drivers
v0xc090a5c20_0 .net "b", 0 0, L_0xc0904b520;  alias, 1 drivers
v0xc090a5cc0_0 .net "carry", 0 0, L_0xc09086a00;  alias, 1 drivers
v0xc090a5d60_0 .net "sum", 0 0, L_0xc09086990;  alias, 1 drivers
S_0xc08c8d980 .scope module, "ha2" "ha_vr" 7 20, 7 27 0, S_0xc08c8d680;
 .timescale -9 -11;
    .port_info 0 /OUTPUT 1 "sum";
    .port_info 1 /OUTPUT 1 "carry";
    .port_info 2 /INPUT 1 "a";
    .port_info 3 /INPUT 1 "b";
L_0xc09086a70/d .functor XOR 1, L_0xc0904b5c0, L_0xc09086990, C4<0>, C4<0>;
L_0xc09086a70 .delay 1 (100,100,100) L_0xc09086a70/d;
L_0xc09086ae0/d .functor AND 1, L_0xc0904b5c0, L_0xc09086990, C4<1>, C4<1>;
L_0xc09086ae0 .delay 1 (100,100,100) L_0xc09086ae0/d;
v0xc090a5e00_0 .net "a", 0 0, L_0xc0904b5c0;  alias, 1 drivers
v0xc090a5ea0_0 .net "b", 0 0, L_0xc09086990;  alias, 1 drivers
v0xc090a5f40_0 .net "carry", 0 0, L_0xc09086ae0;  alias, 1 drivers
v0xc090a5fe0_0 .net "sum", 0 0, L_0xc09086a70;  alias, 1 drivers
S_0xc08c8db00 .scope module, "fa2" "fa_v3" 7 9, 7 15 0, S_0xc08c8cf00;
 .timescale -9 -11;
    .port_info 0 /OUTPUT 1 "sum";
    .port_info 1 /OUTPUT 1 "c_out";
    .port_info 2 /OUTPUT 1 "p";
    .port_info 3 /OUTPUT 1 "g";
    .port_info 4 /INPUT 1 "a";
    .port_info 5 /INPUT 1 "b";
    .port_info 6 /INPUT 1 "c_in";
L_0xc09086e60 .functor OR 1, L_0xc09086d10, L_0xc09086df0, C4<0>, C4<0>;
L_0xc09086ed0 .functor OR 1, L_0xc0904b660, L_0xc0904b700, C4<0>, C4<0>;
L_0xc09086f40 .functor AND 1, L_0xc0904b660, L_0xc0904b700, C4<1>, C4<1>;
v0xc090a6bc0_0 .net "a", 0 0, L_0xc0904b660;  1 drivers
v0xc090a6c60_0 .net "b", 0 0, L_0xc0904b700;  1 drivers
v0xc090a6d00_0 .net "c_in", 0 0, L_0xc0904b7a0;  1 drivers
v0xc090a6da0_0 .net "c_out", 0 0, L_0xc09086e60;  alias, 1 drivers
v0xc090a6e40_0 .net "carry1", 0 0, L_0xc09086d10;  1 drivers
v0xc090a6ee0_0 .net "carry2", 0 0, L_0xc09086df0;  1 drivers
v0xc090a6f80_0 .net "g", 0 0, L_0xc09086f40;  alias, 1 drivers
v0xc090a7020_0 .net "p", 0 0, L_0xc09086ed0;  alias, 1 drivers
v0xc090a70c0_0 .net "sum", 0 0, L_0xc09086d80;  1 drivers
v0xc090a7160_0 .net "sum_par", 0 0, L_0xc09086ca0;  1 drivers
S_0xc08c8dc80 .scope module, "ha1" "ha_vr" 7 19, 7 27 0, S_0xc08c8db00;
 .timescale -9 -11;
    .port_info 0 /OUTPUT 1 "sum";
    .port_info 1 /OUTPUT 1 "carry";
    .port_info 2 /INPUT 1 "a";
    .port_info 3 /INPUT 1 "b";
L_0xc09086ca0/d .functor XOR 1, L_0xc0904b660, L_0xc0904b700, C4<0>, C4<0>;
L_0xc09086ca0 .delay 1 (100,100,100) L_0xc09086ca0/d;
L_0xc09086d10/d .functor AND 1, L_0xc0904b660, L_0xc0904b700, C4<1>, C4<1>;
L_0xc09086d10 .delay 1 (100,100,100) L_0xc09086d10/d;
v0xc090a66c0_0 .net "a", 0 0, L_0xc0904b660;  alias, 1 drivers
v0xc090a6760_0 .net "b", 0 0, L_0xc0904b700;  alias, 1 drivers
v0xc090a6800_0 .net "carry", 0 0, L_0xc09086d10;  alias, 1 drivers
v0xc090a68a0_0 .net "sum", 0 0, L_0xc09086ca0;  alias, 1 drivers
S_0xc08c8de00 .scope module, "ha2" "ha_vr" 7 20, 7 27 0, S_0xc08c8db00;
 .timescale -9 -11;
    .port_info 0 /OUTPUT 1 "sum";
    .port_info 1 /OUTPUT 1 "carry";
    .port_info 2 /INPUT 1 "a";
    .port_info 3 /INPUT 1 "b";
L_0xc09086d80/d .functor XOR 1, L_0xc0904b7a0, L_0xc09086ca0, C4<0>, C4<0>;
L_0xc09086d80 .delay 1 (100,100,100) L_0xc09086d80/d;
L_0xc09086df0/d .functor AND 1, L_0xc0904b7a0, L_0xc09086ca0, C4<1>, C4<1>;
L_0xc09086df0 .delay 1 (100,100,100) L_0xc09086df0/d;
v0xc090a6940_0 .net "a", 0 0, L_0xc0904b7a0;  alias, 1 drivers
v0xc090a69e0_0 .net "b", 0 0, L_0xc09086ca0;  alias, 1 drivers
v0xc090a6a80_0 .net "carry", 0 0, L_0xc09086df0;  alias, 1 drivers
v0xc090a6b20_0 .net "sum", 0 0, L_0xc09086d80;  alias, 1 drivers
S_0xc08c8df80 .scope module, "fa3" "fa_v3" 7 10, 7 15 0, S_0xc08c8cf00;
 .timescale -9 -11;
    .port_info 0 /OUTPUT 1 "sum";
    .port_info 1 /OUTPUT 1 "c_out";
    .port_info 2 /OUTPUT 1 "p";
    .port_info 3 /OUTPUT 1 "g";
    .port_info 4 /INPUT 1 "a";
    .port_info 5 /INPUT 1 "b";
    .port_info 6 /INPUT 1 "c_in";
L_0xc09087170 .functor OR 1, L_0xc09087020, L_0xc09087100, C4<0>, C4<0>;
L_0xc090871e0 .functor OR 1, L_0xc0904b840, L_0xc0904b8e0, C4<0>, C4<0>;
L_0xc09087250 .functor AND 1, L_0xc0904b840, L_0xc0904b8e0, C4<1>, C4<1>;
v0xc090a7700_0 .net "a", 0 0, L_0xc0904b840;  1 drivers
v0xc090a77a0_0 .net "b", 0 0, L_0xc0904b8e0;  1 drivers
v0xc090a7840_0 .net "c_in", 0 0, L_0xc0904b980;  1 drivers
v0xc090a78e0_0 .net "c_out", 0 0, L_0xc09087170;  alias, 1 drivers
v0xc090a7980_0 .net "carry1", 0 0, L_0xc09087020;  1 drivers
v0xc090a7a20_0 .net "carry2", 0 0, L_0xc09087100;  1 drivers
v0xc090a7ac0_0 .net "g", 0 0, L_0xc09087250;  alias, 1 drivers
v0xc090a7b60_0 .net "p", 0 0, L_0xc090871e0;  alias, 1 drivers
v0xc090a7c00_0 .net "sum", 0 0, L_0xc09087090;  1 drivers
v0xc090a7ca0_0 .net "sum_par", 0 0, L_0xc09086fb0;  1 drivers
S_0xc08c8e100 .scope module, "ha1" "ha_vr" 7 19, 7 27 0, S_0xc08c8df80;
 .timescale -9 -11;
    .port_info 0 /OUTPUT 1 "sum";
    .port_info 1 /OUTPUT 1 "carry";
    .port_info 2 /INPUT 1 "a";
    .port_info 3 /INPUT 1 "b";
L_0xc09086fb0/d .functor XOR 1, L_0xc0904b840, L_0xc0904b8e0, C4<0>, C4<0>;
L_0xc09086fb0 .delay 1 (100,100,100) L_0xc09086fb0/d;
L_0xc09087020/d .functor AND 1, L_0xc0904b840, L_0xc0904b8e0, C4<1>, C4<1>;
L_0xc09087020 .delay 1 (100,100,100) L_0xc09087020/d;
v0xc090a7200_0 .net "a", 0 0, L_0xc0904b840;  alias, 1 drivers
v0xc090a72a0_0 .net "b", 0 0, L_0xc0904b8e0;  alias, 1 drivers
v0xc090a7340_0 .net "carry", 0 0, L_0xc09087020;  alias, 1 drivers
v0xc090a73e0_0 .net "sum", 0 0, L_0xc09086fb0;  alias, 1 drivers
S_0xc08c8e280 .scope module, "ha2" "ha_vr" 7 20, 7 27 0, S_0xc08c8df80;
 .timescale -9 -11;
    .port_info 0 /OUTPUT 1 "sum";
    .port_info 1 /OUTPUT 1 "carry";
    .port_info 2 /INPUT 1 "a";
    .port_info 3 /INPUT 1 "b";
L_0xc09087090/d .functor XOR 1, L_0xc0904b980, L_0xc09086fb0, C4<0>, C4<0>;
L_0xc09087090 .delay 1 (100,100,100) L_0xc09087090/d;
L_0xc09087100/d .functor AND 1, L_0xc0904b980, L_0xc09086fb0, C4<1>, C4<1>;
L_0xc09087100 .delay 1 (100,100,100) L_0xc09087100/d;
v0xc090a7480_0 .net "a", 0 0, L_0xc0904b980;  alias, 1 drivers
v0xc090a7520_0 .net "b", 0 0, L_0xc09086fb0;  alias, 1 drivers
v0xc090a75c0_0 .net "carry", 0 0, L_0xc09087100;  alias, 1 drivers
v0xc090a7660_0 .net "sum", 0 0, L_0xc09087090;  alias, 1 drivers
S_0xc08c8e400 .scope module, "uc0" "uc" 3 11, 8 1 0, S_0x1054a2170;
 .timescale -9 -11;
    .port_info 0 /INPUT 1 "q0";
    .port_info 1 /INPUT 1 "start";
    .port_info 2 /INPUT 1 "clk";
    .port_info 3 /OUTPUT 1 "CargaQ";
    .port_info 4 /OUTPUT 1 "DesplazaQ";
    .port_info 5 /OUTPUT 1 "ResetA";
    .port_info 6 /OUTPUT 1 "CargaA";
    .port_info 7 /OUTPUT 1 "Fin";
P_0x10549fa80 .param/l "S0" 1 8 6, C4<000>;
P_0x10549fac0 .param/l "S1" 1 8 7, C4<001>;
P_0x10549fb00 .param/l "S2" 1 8 8, C4<010>;
P_0x10549fb40 .param/l "S3" 1 8 9, C4<011>;
P_0x10549fb80 .param/l "S4" 1 8 10, C4<100>;
P_0x10549fbc0 .param/l "S5" 1 8 11, C4<101>;
P_0x10549fc00 .param/l "S6" 1 8 12, C4<110>;
P_0x10549fc40 .param/l "retardo" 0 8 1, +C4<00000000000000000000000000000001>;
L_0xc090872c0 .functor OR 1, L_0xc090ab340, L_0xc090ab3e0, C4<0>, C4<0>;
L_0xc09087330 .functor OR 1, L_0xc090ab520, L_0xc090ab5c0, C4<0>, C4<0>;
L_0xc090873a0 .functor OR 1, L_0xc09087330, L_0xc090ab660, C4<0>, C4<0>;
L_0xc09087410 .functor AND 1, L_0xc090ac3c0, L_0xc090873a0, C4<1>, C4<1>;
v0xc090a88c0_0 .net "CargaA", 0 0, L_0xc090ac1e0;  alias, 1 drivers
v0xc090a8960_0 .net "CargaQ", 0 0, L_0xc0904bde0;  alias, 1 drivers
v0xc090a8a00_0 .net "DesplazaQ", 0 0, L_0xc0904bf20;  alias, 1 drivers
v0xc090a8aa0_0 .net "Fin", 0 0, L_0xc090ac320;  alias, 1 drivers
v0xc090a8b40_0 .net "ResetA", 0 0, L_0xc090ac0a0;  alias, 1 drivers
L_0xc088540a0 .functor BUFT 1, C4<000>, C4<0>, C4<0>, C4<0>;
v0xc090a8be0_0 .net/2u *"_ivl_0", 2 0, L_0xc088540a0;  1 drivers
L_0xc08854178 .functor BUFT 1, C4<010>, C4<0>, C4<0>, C4<0>;
v0xc090a8c80_0 .net/2u *"_ivl_12", 2 0, L_0xc08854178;  1 drivers
v0xc090a8d20_0 .net *"_ivl_14", 0 0, L_0xc090ab340;  1 drivers
L_0xc088541c0 .functor BUFT 1, C4<100>, C4<0>, C4<0>, C4<0>;
v0xc090a8dc0_0 .net/2u *"_ivl_16", 2 0, L_0xc088541c0;  1 drivers
v0xc090a8e60_0 .net *"_ivl_18", 0 0, L_0xc090ab3e0;  1 drivers
v0xc090a8f00_0 .net *"_ivl_2", 0 0, L_0xc090ab2a0;  1 drivers
v0xc090a8fa0_0 .net *"_ivl_20", 0 0, L_0xc090872c0;  1 drivers
L_0xc08854208 .functor BUFT 1, C4<01>, C4<0>, C4<0>, C4<0>;
v0xc090a9040_0 .net/2s *"_ivl_22", 1 0, L_0xc08854208;  1 drivers
L_0xc08854250 .functor BUFT 1, C4<00>, C4<0>, C4<0>, C4<0>;
v0xc090a90e0_0 .net/2s *"_ivl_24", 1 0, L_0xc08854250;  1 drivers
v0xc090a9180_0 .net *"_ivl_26", 1 0, L_0xc0904be80;  1 drivers
L_0xc08854298 .functor BUFT 1, C4<000>, C4<0>, C4<0>, C4<0>;
v0xc090a9220_0 .net/2u *"_ivl_30", 2 0, L_0xc08854298;  1 drivers
v0xc090a92c0_0 .net *"_ivl_32", 0 0, L_0xc090ab480;  1 drivers
L_0xc088542e0 .functor BUFT 1, C4<01>, C4<0>, C4<0>, C4<0>;
v0xc090a9360_0 .net/2s *"_ivl_34", 1 0, L_0xc088542e0;  1 drivers
L_0xc08854328 .functor BUFT 1, C4<00>, C4<0>, C4<0>, C4<0>;
v0xc090a9400_0 .net/2s *"_ivl_36", 1 0, L_0xc08854328;  1 drivers
v0xc090a94a0_0 .net *"_ivl_38", 1 0, L_0xc090ac000;  1 drivers
L_0xc088540e8 .functor BUFT 1, C4<01>, C4<0>, C4<0>, C4<0>;
v0xc090a9540_0 .net/2s *"_ivl_4", 1 0, L_0xc088540e8;  1 drivers
L_0xc08854370 .functor BUFT 1, C4<001>, C4<0>, C4<0>, C4<0>;
v0xc090a95e0_0 .net/2u *"_ivl_42", 2 0, L_0xc08854370;  1 drivers
v0xc090a9680_0 .net *"_ivl_44", 0 0, L_0xc090ab520;  1 drivers
L_0xc088543b8 .functor BUFT 1, C4<011>, C4<0>, C4<0>, C4<0>;
v0xc090a9720_0 .net/2u *"_ivl_46", 2 0, L_0xc088543b8;  1 drivers
v0xc090a97c0_0 .net *"_ivl_48", 0 0, L_0xc090ab5c0;  1 drivers
v0xc090a9860_0 .net *"_ivl_50", 0 0, L_0xc09087330;  1 drivers
L_0xc08854400 .functor BUFT 1, C4<101>, C4<0>, C4<0>, C4<0>;
v0xc090a9900_0 .net/2u *"_ivl_52", 2 0, L_0xc08854400;  1 drivers
v0xc090a99a0_0 .net *"_ivl_54", 0 0, L_0xc090ab660;  1 drivers
v0xc090a9a40_0 .net *"_ivl_56", 0 0, L_0xc090873a0;  1 drivers
v0xc090a9ae0_0 .net *"_ivl_58", 0 0, L_0xc09087410;  1 drivers
L_0xc08854130 .functor BUFT 1, C4<00>, C4<0>, C4<0>, C4<0>;
v0xc090a9b80_0 .net/2s *"_ivl_6", 1 0, L_0xc08854130;  1 drivers
L_0xc08854448 .functor BUFT 1, C4<01>, C4<0>, C4<0>, C4<0>;
v0xc090a9c20_0 .net/2s *"_ivl_60", 1 0, L_0xc08854448;  1 drivers
L_0xc08854490 .functor BUFT 1, C4<00>, C4<0>, C4<0>, C4<0>;
v0xc090a9cc0_0 .net/2s *"_ivl_62", 1 0, L_0xc08854490;  1 drivers
v0xc090a9d60_0 .net *"_ivl_64", 1 0, L_0xc090ac140;  1 drivers
L_0xc088544d8 .functor BUFT 1, C4<110>, C4<0>, C4<0>, C4<0>;
v0xc090a9e00_0 .net/2u *"_ivl_68", 2 0, L_0xc088544d8;  1 drivers
v0xc090a9ea0_0 .net *"_ivl_70", 0 0, L_0xc090ab700;  1 drivers
L_0xc08854520 .functor BUFT 1, C4<01>, C4<0>, C4<0>, C4<0>;
v0xc090a9f40_0 .net/2s *"_ivl_72", 1 0, L_0xc08854520;  1 drivers
L_0xc08854568 .functor BUFT 1, C4<00>, C4<0>, C4<0>, C4<0>;
v0xc090a9fe0_0 .net/2s *"_ivl_74", 1 0, L_0xc08854568;  1 drivers
v0xc090aa080_0 .net *"_ivl_76", 1 0, L_0xc090ac280;  1 drivers
v0xc090aa120_0 .net *"_ivl_8", 1 0, L_0xc0904bd40;  1 drivers
v0xc090aa1c0_0 .net "clk", 0 0, v0xc090aada0_0;  alias, 1 drivers
v0xc090aa260_0 .var "nextstate", 2 0;
v0xc090aa300_0 .net "q0", 0 0, L_0xc090ac3c0;  1 drivers
v0xc090aa3a0_0 .net "start", 0 0, v0xc090aaee0_0;  alias, 1 drivers
v0xc090aa440_0 .var "state", 2 0;
E_0xc08c61e40 .event anyedge, v0xc090aa440_0;
E_0xc08c61e80 .event posedge, v0xc090aa3a0_0, v0xc0907f020_0;
L_0xc090ab2a0 .cmp/eq 3, v0xc090aa440_0, L_0xc088540a0;
L_0xc0904bd40 .functor MUXZ 2, L_0xc08854130, L_0xc088540e8, L_0xc090ab2a0, C4<>;
L_0xc0904bde0 .part L_0xc0904bd40, 0, 1;
L_0xc090ab340 .cmp/eq 3, v0xc090aa440_0, L_0xc08854178;
L_0xc090ab3e0 .cmp/eq 3, v0xc090aa440_0, L_0xc088541c0;
L_0xc0904be80 .functor MUXZ 2, L_0xc08854250, L_0xc08854208, L_0xc090872c0, C4<>;
L_0xc0904bf20 .part L_0xc0904be80, 0, 1;
L_0xc090ab480 .cmp/eq 3, v0xc090aa440_0, L_0xc08854298;
L_0xc090ac000 .functor MUXZ 2, L_0xc08854328, L_0xc088542e0, L_0xc090ab480, C4<>;
L_0xc090ac0a0 .part L_0xc090ac000, 0, 1;
L_0xc090ab520 .cmp/eq 3, v0xc090aa440_0, L_0xc08854370;
L_0xc090ab5c0 .cmp/eq 3, v0xc090aa440_0, L_0xc088543b8;
L_0xc090ab660 .cmp/eq 3, v0xc090aa440_0, L_0xc08854400;
L_0xc090ac140 .functor MUXZ 2, L_0xc08854490, L_0xc08854448, L_0xc09087410, C4<>;
L_0xc090ac1e0 .part L_0xc090ac140, 0, 1;
L_0xc090ab700 .cmp/eq 3, v0xc090aa440_0, L_0xc088544d8;
L_0xc090ac280 .functor MUXZ 2, L_0xc08854568, L_0xc08854520, L_0xc090ab700, C4<>;
L_0xc090ac320 .part L_0xc090ac280, 0, 1;
    .scope S_0x1054a0e40;
T_0 ;
    %wait E_0xc08c61840;
    %load/vec4 v0xc0907db80_0;
    %flag_set/vec4 8;
    %jmp/0xz  T_0.0, 8;
    %pushi/vec4 0, 0, 1;
    %assign/vec4 v0xc0907eda0_0, 100;
    %jmp T_0.1;
T_0.0 ;
    %load/vec4 v0xc0907ef80_0;
    %flag_set/vec4 8;
    %jmp/0xz  T_0.2, 8;
    %load/vec4 v0xc0907ed00_0;
    %assign/vec4 v0xc0907eda0_0, 100;
T_0.2 ;
T_0.1 ;
    %jmp T_0;
    .thread T_0;
    .scope S_0x1054a0fc0;
T_1 ;
    %wait E_0xc08c61840;
    %load/vec4 v0xc0907d860_0;
    %flag_set/vec4 8;
    %jmp/0xz  T_1.0, 8;
    %pushi/vec4 0, 0, 1;
    %assign/vec4 v0xc0907d7c0_0, 100;
    %jmp T_1.1;
T_1.0 ;
    %load/vec4 v0xc0907dc20_0;
    %flag_set/vec4 8;
    %jmp/0xz  T_1.2, 8;
    %load/vec4 v0xc0907da40_0;
    %assign/vec4 v0xc0907d7c0_0, 100;
T_1.2 ;
T_1.1 ;
    %jmp T_1;
    .thread T_1;
    .scope S_0x1054a0230;
T_2 ;
    %wait E_0xc08c61840;
    %load/vec4 v0xc0907f5c0_0;
    %flag_set/vec4 8;
    %jmp/0xz  T_2.0, 8;
    %pushi/vec4 0, 0, 1;
    %assign/vec4 v0xc0907f520_0, 100;
    %jmp T_2.1;
T_2.0 ;
    %load/vec4 v0xc0907f340_0;
    %flag_set/vec4 8;
    %jmp/0xz  T_2.2, 8;
    %load/vec4 v0xc0907f480_0;
    %assign/vec4 v0xc0907f520_0, 100;
T_2.2 ;
T_2.1 ;
    %jmp T_2;
    .thread T_2;
    .scope S_0x1054a03b0;
T_3 ;
    %wait E_0xc08c61840;
    %load/vec4 v0xc0907f8e0_0;
    %flag_set/vec4 8;
    %jmp/0xz  T_3.0, 8;
    %pushi/vec4 0, 0, 1;
    %assign/vec4 v0xc0907f840_0, 100;
    %jmp T_3.1;
T_3.0 ;
    %load/vec4 v0xc0907f660_0;
    %flag_set/vec4 8;
    %jmp/0xz  T_3.2, 8;
    %load/vec4 v0xc0907f7a0_0;
    %assign/vec4 v0xc0907f840_0, 100;
T_3.2 ;
T_3.1 ;
    %jmp T_3;
    .thread T_3;
    .scope S_0xc08c8e400;
T_4 ;
    %wait E_0xc08c61e80;
    %load/vec4 v0xc090aa3a0_0;
    %flag_set/vec4 8;
    %jmp/0xz  T_4.0, 8;
    %pushi/vec4 0, 0, 3;
    %assign/vec4 v0xc090aa440_0, 100;
    %jmp T_4.1;
T_4.0 ;
    %load/vec4 v0xc090aa260_0;
    %assign/vec4 v0xc090aa440_0, 100;
T_4.1 ;
    %jmp T_4;
    .thread T_4;
    .scope S_0xc08c8e400;
T_5 ;
    %wait E_0xc08c61e40;
    %load/vec4 v0xc090aa440_0;
    %dup/vec4;
    %pushi/vec4 0, 0, 3;
    %cmp/u;
    %jmp/1 T_5.0, 6;
    %dup/vec4;
    %pushi/vec4 1, 0, 3;
    %cmp/u;
    %jmp/1 T_5.1, 6;
    %dup/vec4;
    %pushi/vec4 2, 0, 3;
    %cmp/u;
    %jmp/1 T_5.2, 6;
    %dup/vec4;
    %pushi/vec4 3, 0, 3;
    %cmp/u;
    %jmp/1 T_5.3, 6;
    %dup/vec4;
    %pushi/vec4 4, 0, 3;
    %cmp/u;
    %jmp/1 T_5.4, 6;
    %dup/vec4;
    %pushi/vec4 5, 0, 3;
    %cmp/u;
    %jmp/1 T_5.5, 6;
    %dup/vec4;
    %pushi/vec4 6, 0, 3;
    %cmp/u;
    %jmp/1 T_5.6, 6;
    %pushi/vec4 0, 0, 3;
    %assign/vec4 v0xc090aa260_0, 0;
    %jmp T_5.8;
T_5.0 ;
    %pushi/vec4 1, 0, 3;
    %assign/vec4 v0xc090aa260_0, 0;
    %jmp T_5.8;
T_5.1 ;
    %pushi/vec4 2, 0, 3;
    %assign/vec4 v0xc090aa260_0, 0;
    %jmp T_5.8;
T_5.2 ;
    %pushi/vec4 3, 0, 3;
    %assign/vec4 v0xc090aa260_0, 0;
    %jmp T_5.8;
T_5.3 ;
    %pushi/vec4 4, 0, 3;
    %assign/vec4 v0xc090aa260_0, 0;
    %jmp T_5.8;
T_5.4 ;
    %pushi/vec4 5, 0, 3;
    %assign/vec4 v0xc090aa260_0, 0;
    %jmp T_5.8;
T_5.5 ;
    %pushi/vec4 6, 0, 3;
    %assign/vec4 v0xc090aa260_0, 0;
    %jmp T_5.8;
T_5.6 ;
    %pushi/vec4 6, 0, 3;
    %assign/vec4 v0xc090aa260_0, 0;
    %jmp T_5.8;
T_5.8 ;
    %pop/vec4 1;
    %jmp T_5;
    .thread T_5, $push;
    .scope S_0xc08c8c300;
T_6 ;
    %wait E_0xc08c61980;
    %load/vec4 v0xc0909c000_0;
    %flag_set/vec4 8;
    %jmp/0xz  T_6.0, 8;
    %pushi/vec4 0, 0, 1;
    %assign/vec4 v0xc0907ff20_0, 100;
    %jmp T_6.1;
T_6.0 ;
    %load/vec4 v0xc0907fd40_0;
    %flag_set/vec4 8;
    %jmp/0xz  T_6.2, 8;
    %load/vec4 v0xc0907fe80_0;
    %assign/vec4 v0xc0907ff20_0, 100;
T_6.2 ;
T_6.1 ;
    %jmp T_6;
    .thread T_6;
    .scope S_0xc08c8c780;
T_7 ;
    %wait E_0xc08c61980;
    %load/vec4 v0xc0909cc80_0;
    %flag_set/vec4 8;
    %jmp/0xz  T_7.0, 8;
    %pushi/vec4 0, 0, 1;
    %assign/vec4 v0xc0909cbe0_0, 100;
    %jmp T_7.1;
T_7.0 ;
    %load/vec4 v0xc0909ca00_0;
    %flag_set/vec4 8;
    %jmp/0xz  T_7.2, 8;
    %load/vec4 v0xc0909cb40_0;
    %assign/vec4 v0xc0909cbe0_0, 100;
T_7.2 ;
T_7.1 ;
    %jmp T_7;
    .thread T_7;
    .scope S_0xc08c8cc00;
T_8 ;
    %wait E_0xc08c61980;
    %load/vec4 v0xc0909d900_0;
    %flag_set/vec4 8;
    %jmp/0xz  T_8.0, 8;
    %pushi/vec4 0, 0, 1;
    %assign/vec4 v0xc0909d860_0, 100;
    %jmp T_8.1;
T_8.0 ;
    %load/vec4 v0xc0909d680_0;
    %flag_set/vec4 8;
    %jmp/0xz  T_8.2, 8;
    %load/vec4 v0xc0909d7c0_0;
    %assign/vec4 v0xc0909d860_0, 100;
T_8.2 ;
T_8.1 ;
    %jmp T_8;
    .thread T_8;
    .scope S_0x1054aa8d0;
T_9 ;
    %pushi/vec4 1, 0, 1;
    %store/vec4 v0xc090aada0_0, 0, 1;
    %delay 2000, 0;
    %pushi/vec4 0, 0, 1;
    %store/vec4 v0xc090aada0_0, 0, 1;
    %delay 2000, 0;
    %jmp T_9;
    .thread T_9;
    .scope S_0x1054aa8d0;
T_10 ;
    %vpi_call 2 23 "$monitor" {0 0 0};
    %vpi_call 2 24 "$dumpfile", "cuenta1.vcd" {0 0 0};
    %vpi_call 2 25 "$dumpvars" {0 0 0};
    %pushi/vec4 5, 0, 3;
    %store/vec4 v0xc090aad00_0, 0, 3;
    %pushi/vec4 1, 0, 1;
    %store/vec4 v0xc090aaee0_0, 0, 1;
    %delay 500, 0;
    %pushi/vec4 0, 0, 1;
    %store/vec4 v0xc090aaee0_0, 0, 1;
    %vpi_call 2 30 "$finish" {0 0 0};
    %end;
    .thread T_10;
# The file index is used to find the file name in the following table.
:file_names 9;
    "N/A";
    "<interactive>";
    "cuenta1_tb.v";
    "cuenta1.v";
    "regA.v";
    "ffdc.v";
    "regQ.v";
    "sum4.v";
    "uc.v";
