#! /opt/homebrew/Cellar/icarus-verilog/12.0/bin/vvp
:ivl_version "12.0 (stable)";
:ivl_delay_selection "TYPICAL";
:vpi_time_precision - 11;
:vpi_module "/opt/homebrew/Cellar/icarus-verilog/12.0/lib/ivl/system.vpi";
:vpi_module "/opt/homebrew/Cellar/icarus-verilog/12.0/lib/ivl/vhdl_sys.vpi";
:vpi_module "/opt/homebrew/Cellar/icarus-verilog/12.0/lib/ivl/vhdl_textio.vpi";
:vpi_module "/opt/homebrew/Cellar/icarus-verilog/12.0/lib/ivl/v2005_math.vpi";
:vpi_module "/opt/homebrew/Cellar/icarus-verilog/12.0/lib/ivl/va_math.vpi";
S_0x104c10260 .scope module, "sum4_tb" "sum4_tb" 2 3;
 .timescale -9 -11;
v0x7ef462800_0 .var "test_A", 3 0;
v0x7ef4628a0_0 .var "test_B", 3 0;
o0x7ef0210c0 .functor BUFZ 1, C4<z>; HiZ drive
v0x7ef462940_0 .net "test_C_out", 0 0, o0x7ef0210c0;  0 drivers
v0x7ef4629e0_0 .net "test_S", 3 0, L_0x7eec50960;  1 drivers
v0x7ef462a80_0 .var "test_c_in", 0 0;
v0x7ef462b20_0 .net "test_c_out", 0 0, L_0x7ef46c0e0;  1 drivers
S_0x104c103e0 .scope module, "sum" "sum4" 2 12, 3 2 0, S_0x104c10260;
 .timescale -9 -11;
    .port_info 0 /OUTPUT 4 "S";
    .port_info 1 /OUTPUT 1 "c_out";
    .port_info 2 /INPUT 4 "A";
    .port_info 3 /INPUT 4 "B";
    .port_info 4 /INPUT 1 "c_in";
v0x7ef462300_0 .net "A", 3 0, v0x7ef462800_0;  1 drivers
v0x7ef4623a0_0 .net "B", 3 0, v0x7ef4628a0_0;  1 drivers
v0x7ef462440_0 .net "S", 3 0, L_0x7eec50960;  alias, 1 drivers
v0x7ef4624e0_0 .net "c0", 0 0, L_0x104c1af50;  1 drivers
v0x7ef462580_0 .net "c1", 0 0, L_0x7ef46c000;  1 drivers
v0x7ef462620_0 .net "c2", 0 0, L_0x7ef46c070;  1 drivers
v0x7ef4626c0_0 .net "c_in", 0 0, v0x7ef462a80_0;  1 drivers
v0x7ef462760_0 .net "c_out", 0 0, L_0x7ef46c0e0;  alias, 1 drivers
L_0x7eec505a0 .part v0x7ef462800_0, 0, 1;
L_0x7eec50640 .part v0x7ef4628a0_0, 0, 1;
L_0x7eec506e0 .part v0x7ef462800_0, 1, 1;
L_0x7eec50780 .part v0x7ef4628a0_0, 1, 1;
L_0x7eec50820 .part v0x7ef462800_0, 2, 1;
L_0x7eec508c0 .part v0x7ef4628a0_0, 2, 1;
L_0x7eec50960 .concat8 [ 1 1 1 1], v0x104c1c110_0, v0x7ef460960_0, v0x7ef461360_0, v0x7ef461d60_0;
L_0x7eec50a00 .part v0x7ef462800_0, 3, 1;
L_0x7eec50aa0 .part v0x7ef4628a0_0, 3, 1;
S_0x104c14200 .scope module, "fa0" "fa_v1" 3 6, 4 2 0, S_0x104c103e0;
 .timescale -9 -11;
    .port_info 0 /OUTPUT 1 "sum";
    .port_info 1 /OUTPUT 1 "c_out";
    .port_info 2 /INPUT 1 "a";
    .port_info 3 /INPUT 1 "b";
    .port_info 4 /INPUT 1 "c_in";
L_0x104c1af50 .functor OR 1, v0x104c1d680_0, v0x104c1c940_0, C4<0>, C4<0>;
v0x7ef460000_0 .net "a", 0 0, L_0x7eec505a0;  1 drivers
v0x7ef4600a0_0 .net "b", 0 0, L_0x7eec50640;  1 drivers
v0x7ef460140_0 .net "c_in", 0 0, v0x7ef462a80_0;  alias, 1 drivers
v0x7ef4601e0_0 .net "c_out", 0 0, L_0x104c1af50;  alias, 1 drivers
v0x7ef460280_0 .net "carry1", 0 0, v0x104c1d680_0;  1 drivers
v0x7ef460320_0 .net "carry2", 0 0, v0x104c1c940_0;  1 drivers
v0x7ef4603c0_0 .net "sum", 0 0, v0x104c1c110_0;  1 drivers
v0x7ef460460_0 .net "sum1", 0 0, v0x104c1d4a0_0;  1 drivers
S_0x104c14380 .scope module, "ha1" "ha_v4" 4 7, 5 3 0, S_0x104c14200;
 .timescale -9 -11;
    .port_info 0 /OUTPUT 1 "sum";
    .port_info 1 /OUTPUT 1 "carry";
    .port_info 2 /INPUT 1 "a";
    .port_info 3 /INPUT 1 "b";
v0x104c1ac10_0 .net "a", 0 0, L_0x7eec505a0;  alias, 1 drivers
v0x104c1d860_0 .net "b", 0 0, L_0x7eec50640;  alias, 1 drivers
v0x104c1d680_0 .var "carry", 0 0;
v0x104c1d4a0_0 .var "sum", 0 0;
E_0x7eec04ac0 .event anyedge, v0x104c1d860_0, v0x104c1ac10_0;
S_0x104c15dd0 .scope module, "ha2" "ha_v4" 4 8, 5 3 0, S_0x104c14200;
 .timescale -9 -11;
    .port_info 0 /OUTPUT 1 "sum";
    .port_info 1 /OUTPUT 1 "carry";
    .port_info 2 /INPUT 1 "a";
    .port_info 3 /INPUT 1 "b";
v0x104c1cf40_0 .net "a", 0 0, v0x7ef462a80_0;  alias, 1 drivers
v0x104c1ccc0_0 .net "b", 0 0, v0x104c1d4a0_0;  alias, 1 drivers
v0x104c1c940_0 .var "carry", 0 0;
v0x104c1c110_0 .var "sum", 0 0;
E_0x7eec04b00 .event anyedge, v0x104c1d4a0_0, v0x104c1cf40_0;
S_0x104c15f50 .scope module, "fa1" "fa_v1" 3 7, 4 2 0, S_0x104c103e0;
 .timescale -9 -11;
    .port_info 0 /OUTPUT 1 "sum";
    .port_info 1 /OUTPUT 1 "c_out";
    .port_info 2 /INPUT 1 "a";
    .port_info 3 /INPUT 1 "b";
    .port_info 4 /INPUT 1 "c_in";
L_0x7ef46c000 .functor OR 1, v0x7ef460640_0, v0x7ef4608c0_0, C4<0>, C4<0>;
v0x7ef460a00_0 .net "a", 0 0, L_0x7eec506e0;  1 drivers
v0x7ef460aa0_0 .net "b", 0 0, L_0x7eec50780;  1 drivers
v0x7ef460b40_0 .net "c_in", 0 0, L_0x104c1af50;  alias, 1 drivers
v0x7ef460be0_0 .net "c_out", 0 0, L_0x7ef46c000;  alias, 1 drivers
v0x7ef460c80_0 .net "carry1", 0 0, v0x7ef460640_0;  1 drivers
v0x7ef460d20_0 .net "carry2", 0 0, v0x7ef4608c0_0;  1 drivers
v0x7ef460dc0_0 .net "sum", 0 0, v0x7ef460960_0;  1 drivers
v0x7ef460e60_0 .net "sum1", 0 0, v0x7ef4606e0_0;  1 drivers
S_0x104c15520 .scope module, "ha1" "ha_v4" 4 7, 5 3 0, S_0x104c15f50;
 .timescale -9 -11;
    .port_info 0 /OUTPUT 1 "sum";
    .port_info 1 /OUTPUT 1 "carry";
    .port_info 2 /INPUT 1 "a";
    .port_info 3 /INPUT 1 "b";
v0x7ef460500_0 .net "a", 0 0, L_0x7eec506e0;  alias, 1 drivers
v0x7ef4605a0_0 .net "b", 0 0, L_0x7eec50780;  alias, 1 drivers
v0x7ef460640_0 .var "carry", 0 0;
v0x7ef4606e0_0 .var "sum", 0 0;
E_0x7eec04b40 .event anyedge, v0x7ef4605a0_0, v0x7ef460500_0;
S_0x104c156a0 .scope module, "ha2" "ha_v4" 4 8, 5 3 0, S_0x104c15f50;
 .timescale -9 -11;
    .port_info 0 /OUTPUT 1 "sum";
    .port_info 1 /OUTPUT 1 "carry";
    .port_info 2 /INPUT 1 "a";
    .port_info 3 /INPUT 1 "b";
v0x7ef460780_0 .net "a", 0 0, L_0x104c1af50;  alias, 1 drivers
v0x7ef460820_0 .net "b", 0 0, v0x7ef4606e0_0;  alias, 1 drivers
v0x7ef4608c0_0 .var "carry", 0 0;
v0x7ef460960_0 .var "sum", 0 0;
E_0x7eec04b80 .event anyedge, v0x7ef4606e0_0, v0x7ef4601e0_0;
S_0x104c1e3a0 .scope module, "fa2" "fa_v1" 3 8, 4 2 0, S_0x104c103e0;
 .timescale -9 -11;
    .port_info 0 /OUTPUT 1 "sum";
    .port_info 1 /OUTPUT 1 "c_out";
    .port_info 2 /INPUT 1 "a";
    .port_info 3 /INPUT 1 "b";
    .port_info 4 /INPUT 1 "c_in";
L_0x7ef46c070 .functor OR 1, v0x7ef461040_0, v0x7ef4612c0_0, C4<0>, C4<0>;
v0x7ef461400_0 .net "a", 0 0, L_0x7eec50820;  1 drivers
v0x7ef4614a0_0 .net "b", 0 0, L_0x7eec508c0;  1 drivers
v0x7ef461540_0 .net "c_in", 0 0, L_0x7ef46c000;  alias, 1 drivers
v0x7ef4615e0_0 .net "c_out", 0 0, L_0x7ef46c070;  alias, 1 drivers
v0x7ef461680_0 .net "carry1", 0 0, v0x7ef461040_0;  1 drivers
v0x7ef461720_0 .net "carry2", 0 0, v0x7ef4612c0_0;  1 drivers
v0x7ef4617c0_0 .net "sum", 0 0, v0x7ef461360_0;  1 drivers
v0x7ef461860_0 .net "sum1", 0 0, v0x7ef4610e0_0;  1 drivers
S_0x104c1e520 .scope module, "ha1" "ha_v4" 4 7, 5 3 0, S_0x104c1e3a0;
 .timescale -9 -11;
    .port_info 0 /OUTPUT 1 "sum";
    .port_info 1 /OUTPUT 1 "carry";
    .port_info 2 /INPUT 1 "a";
    .port_info 3 /INPUT 1 "b";
v0x7ef460f00_0 .net "a", 0 0, L_0x7eec50820;  alias, 1 drivers
v0x7ef460fa0_0 .net "b", 0 0, L_0x7eec508c0;  alias, 1 drivers
v0x7ef461040_0 .var "carry", 0 0;
v0x7ef4610e0_0 .var "sum", 0 0;
E_0x7eec04bc0 .event anyedge, v0x7ef460fa0_0, v0x7ef460f00_0;
S_0x104c1e6a0 .scope module, "ha2" "ha_v4" 4 8, 5 3 0, S_0x104c1e3a0;
 .timescale -9 -11;
    .port_info 0 /OUTPUT 1 "sum";
    .port_info 1 /OUTPUT 1 "carry";
    .port_info 2 /INPUT 1 "a";
    .port_info 3 /INPUT 1 "b";
v0x7ef461180_0 .net "a", 0 0, L_0x7ef46c000;  alias, 1 drivers
v0x7ef461220_0 .net "b", 0 0, v0x7ef4610e0_0;  alias, 1 drivers
v0x7ef4612c0_0 .var "carry", 0 0;
v0x7ef461360_0 .var "sum", 0 0;
E_0x7eec04c00 .event anyedge, v0x7ef4610e0_0, v0x7ef460be0_0;
S_0x7ef464000 .scope module, "fa3" "fa_v1" 3 9, 4 2 0, S_0x104c103e0;
 .timescale -9 -11;
    .port_info 0 /OUTPUT 1 "sum";
    .port_info 1 /OUTPUT 1 "c_out";
    .port_info 2 /INPUT 1 "a";
    .port_info 3 /INPUT 1 "b";
    .port_info 4 /INPUT 1 "c_in";
L_0x7ef46c0e0 .functor OR 1, v0x7ef461a40_0, v0x7ef461cc0_0, C4<0>, C4<0>;
v0x7ef461e00_0 .net "a", 0 0, L_0x7eec50a00;  1 drivers
v0x7ef461ea0_0 .net "b", 0 0, L_0x7eec50aa0;  1 drivers
v0x7ef461f40_0 .net "c_in", 0 0, L_0x7ef46c070;  alias, 1 drivers
v0x7ef461fe0_0 .net "c_out", 0 0, L_0x7ef46c0e0;  alias, 1 drivers
v0x7ef462080_0 .net "carry1", 0 0, v0x7ef461a40_0;  1 drivers
v0x7ef462120_0 .net "carry2", 0 0, v0x7ef461cc0_0;  1 drivers
v0x7ef4621c0_0 .net "sum", 0 0, v0x7ef461d60_0;  1 drivers
v0x7ef462260_0 .net "sum1", 0 0, v0x7ef461ae0_0;  1 drivers
S_0x7ef464180 .scope module, "ha1" "ha_v4" 4 7, 5 3 0, S_0x7ef464000;
 .timescale -9 -11;
    .port_info 0 /OUTPUT 1 "sum";
    .port_info 1 /OUTPUT 1 "carry";
    .port_info 2 /INPUT 1 "a";
    .port_info 3 /INPUT 1 "b";
v0x7ef461900_0 .net "a", 0 0, L_0x7eec50a00;  alias, 1 drivers
v0x7ef4619a0_0 .net "b", 0 0, L_0x7eec50aa0;  alias, 1 drivers
v0x7ef461a40_0 .var "carry", 0 0;
v0x7ef461ae0_0 .var "sum", 0 0;
E_0x7eec04c40 .event anyedge, v0x7ef4619a0_0, v0x7ef461900_0;
S_0x7ef464300 .scope module, "ha2" "ha_v4" 4 8, 5 3 0, S_0x7ef464000;
 .timescale -9 -11;
    .port_info 0 /OUTPUT 1 "sum";
    .port_info 1 /OUTPUT 1 "carry";
    .port_info 2 /INPUT 1 "a";
    .port_info 3 /INPUT 1 "b";
v0x7ef461b80_0 .net "a", 0 0, L_0x7ef46c070;  alias, 1 drivers
v0x7ef461c20_0 .net "b", 0 0, v0x7ef461ae0_0;  alias, 1 drivers
v0x7ef461cc0_0 .var "carry", 0 0;
v0x7ef461d60_0 .var "sum", 0 0;
E_0x7eec04c80 .event anyedge, v0x7ef461ae0_0, v0x7ef4615e0_0;
    .scope S_0x104c14380;
T_0 ;
    %wait E_0x7eec04ac0;
    %load/vec4 v0x104c1ac10_0;
    %load/vec4 v0x104c1d860_0;
    %xor;
    %store/vec4 v0x104c1d4a0_0, 0, 1;
    %load/vec4 v0x104c1ac10_0;
    %load/vec4 v0x104c1d860_0;
    %and;
    %store/vec4 v0x104c1d680_0, 0, 1;
    %jmp T_0;
    .thread T_0, $push;
    .scope S_0x104c15dd0;
T_1 ;
    %wait E_0x7eec04b00;
    %load/vec4 v0x104c1cf40_0;
    %load/vec4 v0x104c1ccc0_0;
    %xor;
    %store/vec4 v0x104c1c110_0, 0, 1;
    %load/vec4 v0x104c1cf40_0;
    %load/vec4 v0x104c1ccc0_0;
    %and;
    %store/vec4 v0x104c1c940_0, 0, 1;
    %jmp T_1;
    .thread T_1, $push;
    .scope S_0x104c15520;
T_2 ;
    %wait E_0x7eec04b40;
    %load/vec4 v0x7ef460500_0;
    %load/vec4 v0x7ef4605a0_0;
    %xor;
    %store/vec4 v0x7ef4606e0_0, 0, 1;
    %load/vec4 v0x7ef460500_0;
    %load/vec4 v0x7ef4605a0_0;
    %and;
    %store/vec4 v0x7ef460640_0, 0, 1;
    %jmp T_2;
    .thread T_2, $push;
    .scope S_0x104c156a0;
T_3 ;
    %wait E_0x7eec04b80;
    %load/vec4 v0x7ef460780_0;
    %load/vec4 v0x7ef460820_0;
    %xor;
    %store/vec4 v0x7ef460960_0, 0, 1;
    %load/vec4 v0x7ef460780_0;
    %load/vec4 v0x7ef460820_0;
    %and;
    %store/vec4 v0x7ef4608c0_0, 0, 1;
    %jmp T_3;
    .thread T_3, $push;
    .scope S_0x104c1e520;
T_4 ;
    %wait E_0x7eec04bc0;
    %load/vec4 v0x7ef460f00_0;
    %load/vec4 v0x7ef460fa0_0;
    %xor;
    %store/vec4 v0x7ef4610e0_0, 0, 1;
    %load/vec4 v0x7ef460f00_0;
    %load/vec4 v0x7ef460fa0_0;
    %and;
    %store/vec4 v0x7ef461040_0, 0, 1;
    %jmp T_4;
    .thread T_4, $push;
    .scope S_0x104c1e6a0;
T_5 ;
    %wait E_0x7eec04c00;
    %load/vec4 v0x7ef461180_0;
    %load/vec4 v0x7ef461220_0;
    %xor;
    %store/vec4 v0x7ef461360_0, 0, 1;
    %load/vec4 v0x7ef461180_0;
    %load/vec4 v0x7ef461220_0;
    %and;
    %store/vec4 v0x7ef4612c0_0, 0, 1;
    %jmp T_5;
    .thread T_5, $push;
    .scope S_0x7ef464180;
T_6 ;
    %wait E_0x7eec04c40;
    %load/vec4 v0x7ef461900_0;
    %load/vec4 v0x7ef4619a0_0;
    %xor;
    %store/vec4 v0x7ef461ae0_0, 0, 1;
    %load/vec4 v0x7ef461900_0;
    %load/vec4 v0x7ef4619a0_0;
    %and;
    %store/vec4 v0x7ef461a40_0, 0, 1;
    %jmp T_6;
    .thread T_6, $push;
    .scope S_0x7ef464300;
T_7 ;
    %wait E_0x7eec04c80;
    %load/vec4 v0x7ef461b80_0;
    %load/vec4 v0x7ef461c20_0;
    %xor;
    %store/vec4 v0x7ef461d60_0, 0, 1;
    %load/vec4 v0x7ef461b80_0;
    %load/vec4 v0x7ef461c20_0;
    %and;
    %store/vec4 v0x7ef461cc0_0, 0, 1;
    %jmp T_7;
    .thread T_7, $push;
    .scope S_0x104c10260;
T_8 ;
    %vpi_call 2 16 "$monitor", "tiempo=%0d A=%b B=%b cin=%b S=%b cout=%b", $time, v0x7ef462800_0, v0x7ef4628a0_0, v0x7ef462a80_0, v0x7ef4629e0_0, v0x7ef462940_0 {0 0 0};
    %vpi_call 2 17 "$dumpfile", "sum4_tb.vcd" {0 0 0};
    %vpi_call 2 18 "$dumpvars" {0 0 0};
    %pushi/vec4 1, 0, 1;
    %store/vec4 v0x7ef462a80_0, 0, 1;
    %pushi/vec4 0, 0, 4;
    %store/vec4 v0x7ef462800_0, 0, 4;
    %pushi/vec4 0, 0, 4;
    %store/vec4 v0x7ef4628a0_0, 0, 4;
    %delay 2000, 0;
    %pushi/vec4 0, 0, 1;
    %store/vec4 v0x7ef462a80_0, 0, 1;
    %pushi/vec4 15, 0, 4;
    %store/vec4 v0x7ef462800_0, 0, 4;
    %pushi/vec4 1, 0, 4;
    %store/vec4 v0x7ef4628a0_0, 0, 4;
    %delay 2000, 0;
    %pushi/vec4 1, 0, 1;
    %store/vec4 v0x7ef462a80_0, 0, 1;
    %pushi/vec4 15, 0, 4;
    %store/vec4 v0x7ef462800_0, 0, 4;
    %pushi/vec4 15, 0, 4;
    %store/vec4 v0x7ef4628a0_0, 0, 4;
    %delay 2000, 0;
    %pushi/vec4 1, 0, 1;
    %store/vec4 v0x7ef462a80_0, 0, 1;
    %pushi/vec4 0, 0, 4;
    %store/vec4 v0x7ef462800_0, 0, 4;
    %pushi/vec4 15, 0, 4;
    %store/vec4 v0x7ef4628a0_0, 0, 4;
    %delay 2000, 0;
    %pushi/vec4 0, 0, 1;
    %store/vec4 v0x7ef462a80_0, 0, 1;
    %pushi/vec4 5, 0, 4;
    %store/vec4 v0x7ef462800_0, 0, 4;
    %pushi/vec4 10, 0, 4;
    %store/vec4 v0x7ef4628a0_0, 0, 4;
    %delay 2000, 0;
    %vpi_call 2 46 "$finish" {0 0 0};
    %end;
    .thread T_8;
# The file index is used to find the file name in the following table.
:file_names 6;
    "N/A";
    "<interactive>";
    "sum4_tb.v";
    "sum4.v";
    "fa_v1.v";
    "ha_v4.v";
